[debug] [2021-02-15T07:15:49.242Z] ----------------------------------------------------------------------
[debug] [2021-02-15T07:15:49.245Z] Command:       /usr/local/bin/firebase /home/zeeshan-invozone/.cache/firebase/tools/lib/node_modules/firebase-tools/lib/bin/firebase emulators:start --only functions
[debug] [2021-02-15T07:15:49.245Z] CLI Version:   9.3.0
[debug] [2021-02-15T07:15:49.245Z] Platform:      linux
[debug] [2021-02-15T07:15:49.246Z] Node Version:  v12.18.1
[debug] [2021-02-15T07:15:49.246Z] Time:          Mon Feb 15 2021 12:15:49 GMT+0500 (Pakistan Standard Time)
[debug] [2021-02-15T07:15:49.247Z] ----------------------------------------------------------------------
[debug] [2021-02-15T07:15:49.247Z] 
[debug] [2021-02-15T07:15:49.259Z] > command requires scopes: ["email","openid","https://www.googleapis.com/auth/cloudplatformprojects.readonly","https://www.googleapis.com/auth/firebase","https://www.googleapis.com/auth/cloud-platform"]
[debug] [2021-02-15T07:15:49.260Z] > authorizing via signed-in user
[info] i  emulators: Starting emulators: functions {"metadata":{"emulator":{"name":"hub"},"message":"Starting emulators: functions"}}
[debug] [2021-02-15T07:15:49.285Z] [hub] writing locator at /tmp/hub-user-registration-6b9cd.json
[warn] ⚠  functions: The following emulators are not running, calls to these services from the Functions emulator will affect production: auth, firestore, database, hosting, pubsub {"metadata":{"emulator":{"name":"functions"},"message":"The following emulators are not running, calls to these services from the Functions emulator will affect production: \u001b[1mauth, firestore, database, hosting, pubsub\u001b[22m"}}
[info] ✔  functions: Using node@12 from host. {"metadata":{"emulator":{"name":"functions"},"message":"Using node@12 from host."}}
[debug] [2021-02-15T07:15:49.323Z] defaultcredentials: writing to file /home/zeeshan-invozone/.config/firebase/zeeshan_akram_invozone.com_application_default_credentials.json
[debug] [2021-02-15T07:15:49.326Z] Setting GAC to /home/zeeshan-invozone/.config/firebase/zeeshan_akram_invozone.com_application_default_credentials.json {"metadata":{"emulator":{"name":"functions"},"message":"Setting GAC to /home/zeeshan-invozone/.config/firebase/zeeshan_akram_invozone.com_application_default_credentials.json"}}
[debug] [2021-02-15T07:15:49.331Z] >>> [apiv2][query] GET https://firebase.googleapis.com/v1beta1/projects/user-registration-6b9cd/adminSdkConfig [none]
[debug] [2021-02-15T07:15:50.750Z] <<< [apiv2][status] GET https://firebase.googleapis.com/v1beta1/projects/user-registration-6b9cd/adminSdkConfig 200
[debug] [2021-02-15T07:15:50.751Z] <<< [apiv2][body] GET https://firebase.googleapis.com/v1beta1/projects/user-registration-6b9cd/adminSdkConfig {"projectId":"user-registration-6b9cd","databaseURL":"https://user-registration-6b9cd-default-rtdb.firebaseio.com","storageBucket":"user-registration-6b9cd.appspot.com","locationId":"us-central"}
[debug] [2021-02-15T07:15:50.805Z] Ignoring unsupported arg: auto_download {"metadata":{"emulator":{"name":"ui"},"message":"Ignoring unsupported arg: auto_download"}}
[debug] [2021-02-15T07:15:50.805Z] Ignoring unsupported arg: port {"metadata":{"emulator":{"name":"ui"},"message":"Ignoring unsupported arg: port"}}
[debug] [2021-02-15T07:15:50.805Z] Starting Emulator UI with command {"binary":"node","args":["/home/zeeshan-invozone/.cache/firebase/emulators/ui-v1.4.1/server.bundle.js"],"optionalArgs":[],"joinArgs":false} {"metadata":{"emulator":{"name":"ui"},"message":"Starting Emulator UI with command {\"binary\":\"node\",\"args\":[\"/home/zeeshan-invozone/.cache/firebase/emulators/ui-v1.4.1/server.bundle.js\"],\"optionalArgs\":[],\"joinArgs\":false}"}}
[info] i  ui: Emulator UI logging to ui-debug.log {"metadata":{"emulator":{"name":"ui"},"message":"Emulator UI logging to \u001b[1mui-debug.log\u001b[22m"}}
[debug] [2021-02-15T07:15:51.108Z] Web / API server started at http://localhost:4000
 {"metadata":{"emulator":{"name":"ui"},"message":"Web / API server started at http://localhost:4000\n"}}
[info] i  functions: Watching "/home/zeeshan-invozone/Invozone/training/learn-hooks/functions" for Cloud Functions... {"metadata":{"emulator":{"name":"functions"},"message":"Watching \"/home/zeeshan-invozone/Invozone/training/learn-hooks/functions\" for Cloud Functions..."}}
[debug] [2021-02-15T07:15:51.359Z] [worker-pool] addWorker(~diagnostic~) {"metadata":{"emulator":{"name":"functions"},"message":"[worker-pool] addWorker(~diagnostic~)"}}
[debug] [2021-02-15T07:15:51.361Z] [worker-pool] Adding worker with key ~diagnostic~, total=1 {"metadata":{"emulator":{"name":"functions"},"message":"[worker-pool] Adding worker with key ~diagnostic~, total=1"}}
[debug] [2021-02-15T07:15:51.364Z] [worker-pool] submitWork(triggerId=) {"metadata":{"emulator":{"name":"functions"},"message":"[worker-pool] submitWork(triggerId=)"}}
[debug] [2021-02-15T07:15:51.366Z] [worker-~diagnostic~-60902103-a549-4b2e-b373-989fdd3dfaa1]: Assigning socketPath: /tmp/fire_emu_4460.sock {"metadata":{"emulator":{"name":"functions"},"message":"[worker-~diagnostic~-60902103-a549-4b2e-b373-989fdd3dfaa1]: Assigning socketPath: /tmp/fire_emu_4460.sock"}}
[debug] [2021-02-15T07:15:51.367Z] [worker-~diagnostic~-60902103-a549-4b2e-b373-989fdd3dfaa1]: BUSY {"metadata":{"emulator":{"name":"functions"},"message":"[worker-~diagnostic~-60902103-a549-4b2e-b373-989fdd3dfaa1]: BUSY"}}
[debug] [2021-02-15T07:15:51.717Z] [runtime-status] [4460] Functions runtime initialized. {"cwd":"/home/zeeshan-invozone/Invozone/training/learn-hooks/functions","node_version":"12.18.1"} {"metadata":{"emulator":{"name":"functions"},"message":"[runtime-status] [4460] Functions runtime initialized. {\"cwd\":\"/home/zeeshan-invozone/Invozone/training/learn-hooks/functions\",\"node_version\":\"12.18.1\"}"}}
[debug] [2021-02-15T07:15:51.718Z] [runtime-status] [4460] Disabled runtime features: undefined {"metadata":{"emulator":{"name":"functions"},"message":"[runtime-status] [4460] Disabled runtime features: undefined"}}
[debug] [2021-02-15T07:15:51.720Z] [runtime-status] [4460] Resolved module firebase-admin {"declared":true,"installed":true,"version":"9.4.2","resolution":"/home/zeeshan-invozone/Invozone/training/learn-hooks/functions/node_modules/firebase-admin/lib/index.js"} {"metadata":{"emulator":{"name":"functions"},"message":"[runtime-status] [4460] Resolved module firebase-admin {\"declared\":true,\"installed\":true,\"version\":\"9.4.2\",\"resolution\":\"/home/zeeshan-invozone/Invozone/training/learn-hooks/functions/node_modules/firebase-admin/lib/index.js\"}"}}
[debug] [2021-02-15T07:15:51.722Z] [runtime-status] [4460] Resolved module firebase-functions {"declared":true,"installed":true,"version":"3.13.1","resolution":"/home/zeeshan-invozone/Invozone/training/learn-hooks/functions/node_modules/firebase-functions/lib/index.js"} {"metadata":{"emulator":{"name":"functions"},"message":"[runtime-status] [4460] Resolved module firebase-functions {\"declared\":true,\"installed\":true,\"version\":\"3.13.1\",\"resolution\":\"/home/zeeshan-invozone/Invozone/training/learn-hooks/functions/node_modules/firebase-functions/lib/index.js\"}"}}
[debug] [2021-02-15T07:15:51.723Z] [runtime-status] [4460] Resolved module firebase-functions {"declared":true,"installed":true,"version":"3.13.1","resolution":"/home/zeeshan-invozone/Invozone/training/learn-hooks/functions/node_modules/firebase-functions/lib/index.js"} {"metadata":{"emulator":{"name":"functions"},"message":"[runtime-status] [4460] Resolved module firebase-functions {\"declared\":true,\"installed\":true,\"version\":\"3.13.1\",\"resolution\":\"/home/zeeshan-invozone/Invozone/training/learn-hooks/functions/node_modules/firebase-functions/lib/index.js\"}"}}
[debug] [2021-02-15T07:15:51.726Z] [runtime-status] [4460] Outgoing network have been stubbed. [{"name":"http","status":"mocked"},{"name":"http","status":"mocked"},{"name":"https","status":"mocked"},{"name":"https","status":"mocked"},{"name":"net","status":"mocked"}] {"metadata":{"emulator":{"name":"functions"},"message":"[runtime-status] [4460] Outgoing network have been stubbed. [{\"name\":\"http\",\"status\":\"mocked\"},{\"name\":\"http\",\"status\":\"mocked\"},{\"name\":\"https\",\"status\":\"mocked\"},{\"name\":\"https\",\"status\":\"mocked\"},{\"name\":\"net\",\"status\":\"mocked\"}]"}}
[debug] [2021-02-15T07:15:51.727Z] [runtime-status] [4460] Resolved module firebase-functions {"declared":true,"installed":true,"version":"3.13.1","resolution":"/home/zeeshan-invozone/Invozone/training/learn-hooks/functions/node_modules/firebase-functions/lib/index.js"} {"metadata":{"emulator":{"name":"functions"},"message":"[runtime-status] [4460] Resolved module firebase-functions {\"declared\":true,\"installed\":true,\"version\":\"3.13.1\",\"resolution\":\"/home/zeeshan-invozone/Invozone/training/learn-hooks/functions/node_modules/firebase-functions/lib/index.js\"}"}}
[debug] [2021-02-15T07:15:51.782Z] [runtime-status] [4460] Checked functions.config() {"config":{}} {"metadata":{"emulator":{"name":"functions"},"message":"[runtime-status] [4460] Checked functions.config() {\"config\":{}}"}}
[debug] [2021-02-15T07:15:51.783Z] [runtime-status] [4460] firebase-functions has been stubbed. {"functionsResolution":{"declared":true,"installed":true,"version":"3.13.1","resolution":"/home/zeeshan-invozone/Invozone/training/learn-hooks/functions/node_modules/firebase-functions/lib/index.js"}} {"metadata":{"emulator":{"name":"functions"},"message":"[runtime-status] [4460] firebase-functions has been stubbed. {\"functionsResolution\":{\"declared\":true,\"installed\":true,\"version\":\"3.13.1\",\"resolution\":\"/home/zeeshan-invozone/Invozone/training/learn-hooks/functions/node_modules/firebase-functions/lib/index.js\"}}"}}
[debug] [2021-02-15T07:15:51.784Z] [runtime-status] [4460] Resolved module firebase-functions {"declared":true,"installed":true,"version":"3.13.1","resolution":"/home/zeeshan-invozone/Invozone/training/learn-hooks/functions/node_modules/firebase-functions/lib/index.js"} {"metadata":{"emulator":{"name":"functions"},"message":"[runtime-status] [4460] Resolved module firebase-functions {\"declared\":true,\"installed\":true,\"version\":\"3.13.1\",\"resolution\":\"/home/zeeshan-invozone/Invozone/training/learn-hooks/functions/node_modules/firebase-functions/lib/index.js\"}"}}
[debug] [2021-02-15T07:15:51.785Z] [runtime-status] [4460] Resolved module firebase-admin {"declared":true,"installed":true,"version":"9.4.2","resolution":"/home/zeeshan-invozone/Invozone/training/learn-hooks/functions/node_modules/firebase-admin/lib/index.js"} {"metadata":{"emulator":{"name":"functions"},"message":"[runtime-status] [4460] Resolved module firebase-admin {\"declared\":true,\"installed\":true,\"version\":\"9.4.2\",\"resolution\":\"/home/zeeshan-invozone/Invozone/training/learn-hooks/functions/node_modules/firebase-admin/lib/index.js\"}"}}
[debug] [2021-02-15T07:15:51.786Z] [runtime-status] [4460] Resolved module firebase-functions {"declared":true,"installed":true,"version":"3.13.1","resolution":"/home/zeeshan-invozone/Invozone/training/learn-hooks/functions/node_modules/firebase-functions/lib/index.js"} {"metadata":{"emulator":{"name":"functions"},"message":"[runtime-status] [4460] Resolved module firebase-functions {\"declared\":true,\"installed\":true,\"version\":\"3.13.1\",\"resolution\":\"/home/zeeshan-invozone/Invozone/training/learn-hooks/functions/node_modules/firebase-functions/lib/index.js\"}"}}
[debug] [2021-02-15T07:15:51.787Z] [runtime-status] [4460] firebase-admin has been stubbed. {"adminResolution":{"declared":true,"installed":true,"version":"9.4.2","resolution":"/home/zeeshan-invozone/Invozone/training/learn-hooks/functions/node_modules/firebase-admin/lib/index.js"}} {"metadata":{"emulator":{"name":"functions"},"message":"[runtime-status] [4460] firebase-admin has been stubbed. {\"adminResolution\":{\"declared\":true,\"installed\":true,\"version\":\"9.4.2\",\"resolution\":\"/home/zeeshan-invozone/Invozone/training/learn-hooks/functions/node_modules/firebase-admin/lib/index.js\"}}"}}
[warn] ⚠  It looks like you're trying to access functions.config().firebase but there is no value there. You can learn more about setting up config here: https://firebase.google.com/docs/functions/local-emulator {"metadata":{"emulator":{"name":"functions"},"message":"It looks like you're trying to access functions.config().firebase but there is no value there. You can learn more about setting up config here: https://firebase.google.com/docs/functions/local-emulator"}}
[debug] [2021-02-15T07:15:51.901Z] [runtime-status] [4460] initializeApp(DEFAULT) {"storageBucket":"user-registration-6b9cd.appspot.com","databaseURL":"https://user-registration-6b9cd-default-rtdb.firebaseio.com","projectId":"user-registration-6b9cd"} {"metadata":{"emulator":{"name":"functions"},"message":"[runtime-status] [4460] initializeApp(DEFAULT) {\"storageBucket\":\"user-registration-6b9cd.appspot.com\",\"databaseURL\":\"https://user-registration-6b9cd-default-rtdb.firebaseio.com\",\"projectId\":\"user-registration-6b9cd\"}"}}
[warn] ⚠  functions: The Cloud Firestore emulator is not running, so calls to Firestore will affect production. {"metadata":{"emulator":{"name":"functions"},"message":"The Cloud Firestore emulator is not running, so calls to Firestore will affect production."}}
[info] ✔  functions[getFullName]: http function initialized (http://localhost:5001/user-registration-6b9cd/us-central1/getFullName). {"metadata":{"emulator":{"name":"functions"},"message":"\u001b[1mhttp\u001b[22m function initialized (http://localhost:5001/user-registration-6b9cd/us-central1/getFullName)."}}
[info] i  functions[logActivities]: function ignored because the firestore emulator does not exist or is not running. {"metadata":{"emulator":{"name":"functions"},"message":"function ignored because the firestore emulator does not exist or is not running."}}
[info] i  functions[updateName]: function ignored because the firestore emulator does not exist or is not running. {"metadata":{"emulator":{"name":"functions"},"message":"function ignored because the firestore emulator does not exist or is not running."}}
[info] i  functions[deleteName]: function ignored because the firestore emulator does not exist or is not running. {"metadata":{"emulator":{"name":"functions"},"message":"function ignored because the firestore emulator does not exist or is not running."}}
[info] ✔  functions[api]: http function initialized (http://localhost:5001/user-registration-6b9cd/us-central1/api). {"metadata":{"emulator":{"name":"functions"},"message":"\u001b[1mhttp\u001b[22m function initialized (http://localhost:5001/user-registration-6b9cd/us-central1/api)."}}
[info] 
┌─────────────────────────────────────────────────────────────┐
│ ✔  All emulators ready! It is now safe to connect your app. │
│ i  View Emulator UI at http://localhost:4000                │
└─────────────────────────────────────────────────────────────┘

┌───────────┬────────────────┬─────────────────────────────────┐
│ Emulator  │ Host:Port      │ View in Emulator UI             │
├───────────┼────────────────┼─────────────────────────────────┤
│ Functions │ localhost:5001 │ http://localhost:4000/functions │
└───────────┴────────────────┴─────────────────────────────────┘
  Emulator Hub running at localhost:4400
  Other reserved ports: 4500

Issues? Report them at https://github.com/firebase/firebase-tools/issues and attach the *-debug.log files.
 
[debug] [2021-02-15T07:15:52.209Z] [worker-~diagnostic~-60902103-a549-4b2e-b373-989fdd3dfaa1]: IDLE {"metadata":{"emulator":{"name":"functions"},"message":"[worker-~diagnostic~-60902103-a549-4b2e-b373-989fdd3dfaa1]: IDLE"}}
[debug] [2021-02-15T07:32:54.617Z] Functions emulator received unknown request at path /hello-world
[debug] [2021-02-15T07:34:59.918Z] File /home/zeeshan-invozone/Invozone/training/learn-hooks/functions/index.js changed, reloading triggers {"metadata":{"emulator":{"name":"functions"},"message":"File /home/zeeshan-invozone/Invozone/training/learn-hooks/functions/index.js changed, reloading triggers"}}
[debug] [2021-02-15T07:35:00.919Z] [worker-pool] Shutting down IDLE worker (~diagnostic~) {"metadata":{"emulator":{"name":"functions"},"message":"[worker-pool] Shutting down IDLE worker (~diagnostic~)"}}
[debug] [2021-02-15T07:35:00.920Z] [worker-~diagnostic~-60902103-a549-4b2e-b373-989fdd3dfaa1]: FINISHING {"metadata":{"emulator":{"name":"functions"},"message":"[worker-~diagnostic~-60902103-a549-4b2e-b373-989fdd3dfaa1]: FINISHING"}}
[debug] [2021-02-15T07:35:00.927Z] [worker-pool] addWorker(~diagnostic~) {"metadata":{"emulator":{"name":"functions"},"message":"[worker-pool] addWorker(~diagnostic~)"}}
[debug] [2021-02-15T07:35:00.928Z] [worker-pool] Adding worker with key ~diagnostic~, total=2 {"metadata":{"emulator":{"name":"functions"},"message":"[worker-pool] Adding worker with key ~diagnostic~, total=2"}}
[debug] [2021-02-15T07:35:00.928Z] [worker-pool] submitWork(triggerId=) {"metadata":{"emulator":{"name":"functions"},"message":"[worker-pool] submitWork(triggerId=)"}}
[debug] [2021-02-15T07:35:00.929Z] [worker-~diagnostic~-a3c99b91-b4b0-4c48-8046-fcdfe79abff3]: Assigning socketPath: /tmp/fire_emu_5931.sock {"metadata":{"emulator":{"name":"functions"},"message":"[worker-~diagnostic~-a3c99b91-b4b0-4c48-8046-fcdfe79abff3]: Assigning socketPath: /tmp/fire_emu_5931.sock"}}
[debug] [2021-02-15T07:35:00.929Z] [worker-~diagnostic~-a3c99b91-b4b0-4c48-8046-fcdfe79abff3]: BUSY {"metadata":{"emulator":{"name":"functions"},"message":"[worker-~diagnostic~-a3c99b91-b4b0-4c48-8046-fcdfe79abff3]: BUSY"}}
[debug] [2021-02-15T07:35:00.931Z] [worker-~diagnostic~-60902103-a549-4b2e-b373-989fdd3dfaa1]: exited {"metadata":{"emulator":{"name":"functions"},"message":"[worker-~diagnostic~-60902103-a549-4b2e-b373-989fdd3dfaa1]: exited"}}
[debug] [2021-02-15T07:35:00.931Z] [worker-~diagnostic~-60902103-a549-4b2e-b373-989fdd3dfaa1]: FINISHED {"metadata":{"emulator":{"name":"functions"},"message":"[worker-~diagnostic~-60902103-a549-4b2e-b373-989fdd3dfaa1]: FINISHED"}}
[debug] [2021-02-15T07:35:01.288Z] [runtime-status] [5931] Functions runtime initialized. {"cwd":"/home/zeeshan-invozone/Invozone/training/learn-hooks/functions","node_version":"12.18.1"} {"metadata":{"emulator":{"name":"functions"},"message":"[runtime-status] [5931] Functions runtime initialized. {\"cwd\":\"/home/zeeshan-invozone/Invozone/training/learn-hooks/functions\",\"node_version\":\"12.18.1\"}"}}
[debug] [2021-02-15T07:35:01.291Z] [runtime-status] [5931] Disabled runtime features: undefined {"metadata":{"emulator":{"name":"functions"},"message":"[runtime-status] [5931] Disabled runtime features: undefined"}}
[debug] [2021-02-15T07:35:01.295Z] [runtime-status] [5931] Resolved module firebase-admin {"declared":true,"installed":true,"version":"9.4.2","resolution":"/home/zeeshan-invozone/Invozone/training/learn-hooks/functions/node_modules/firebase-admin/lib/index.js"} {"metadata":{"emulator":{"name":"functions"},"message":"[runtime-status] [5931] Resolved module firebase-admin {\"declared\":true,\"installed\":true,\"version\":\"9.4.2\",\"resolution\":\"/home/zeeshan-invozone/Invozone/training/learn-hooks/functions/node_modules/firebase-admin/lib/index.js\"}"}}
[debug] [2021-02-15T07:35:01.298Z] [runtime-status] [5931] Resolved module firebase-functions {"declared":true,"installed":true,"version":"3.13.1","resolution":"/home/zeeshan-invozone/Invozone/training/learn-hooks/functions/node_modules/firebase-functions/lib/index.js"} {"metadata":{"emulator":{"name":"functions"},"message":"[runtime-status] [5931] Resolved module firebase-functions {\"declared\":true,\"installed\":true,\"version\":\"3.13.1\",\"resolution\":\"/home/zeeshan-invozone/Invozone/training/learn-hooks/functions/node_modules/firebase-functions/lib/index.js\"}"}}
[debug] [2021-02-15T07:35:01.299Z] [runtime-status] [5931] Resolved module firebase-functions {"declared":true,"installed":true,"version":"3.13.1","resolution":"/home/zeeshan-invozone/Invozone/training/learn-hooks/functions/node_modules/firebase-functions/lib/index.js"} {"metadata":{"emulator":{"name":"functions"},"message":"[runtime-status] [5931] Resolved module firebase-functions {\"declared\":true,\"installed\":true,\"version\":\"3.13.1\",\"resolution\":\"/home/zeeshan-invozone/Invozone/training/learn-hooks/functions/node_modules/firebase-functions/lib/index.js\"}"}}
[debug] [2021-02-15T07:35:01.303Z] [runtime-status] [5931] Outgoing network have been stubbed. [{"name":"http","status":"mocked"},{"name":"http","status":"mocked"},{"name":"https","status":"mocked"},{"name":"https","status":"mocked"},{"name":"net","status":"mocked"}] {"metadata":{"emulator":{"name":"functions"},"message":"[runtime-status] [5931] Outgoing network have been stubbed. [{\"name\":\"http\",\"status\":\"mocked\"},{\"name\":\"http\",\"status\":\"mocked\"},{\"name\":\"https\",\"status\":\"mocked\"},{\"name\":\"https\",\"status\":\"mocked\"},{\"name\":\"net\",\"status\":\"mocked\"}]"}}
[debug] [2021-02-15T07:35:01.304Z] [runtime-status] [5931] Resolved module firebase-functions {"declared":true,"installed":true,"version":"3.13.1","resolution":"/home/zeeshan-invozone/Invozone/training/learn-hooks/functions/node_modules/firebase-functions/lib/index.js"} {"metadata":{"emulator":{"name":"functions"},"message":"[runtime-status] [5931] Resolved module firebase-functions {\"declared\":true,\"installed\":true,\"version\":\"3.13.1\",\"resolution\":\"/home/zeeshan-invozone/Invozone/training/learn-hooks/functions/node_modules/firebase-functions/lib/index.js\"}"}}
[debug] [2021-02-15T07:35:01.370Z] [runtime-status] [5931] Checked functions.config() {"config":{}} {"metadata":{"emulator":{"name":"functions"},"message":"[runtime-status] [5931] Checked functions.config() {\"config\":{}}"}}
[debug] [2021-02-15T07:35:01.370Z] [runtime-status] [5931] firebase-functions has been stubbed. {"functionsResolution":{"declared":true,"installed":true,"version":"3.13.1","resolution":"/home/zeeshan-invozone/Invozone/training/learn-hooks/functions/node_modules/firebase-functions/lib/index.js"}} {"metadata":{"emulator":{"name":"functions"},"message":"[runtime-status] [5931] firebase-functions has been stubbed. {\"functionsResolution\":{\"declared\":true,\"installed\":true,\"version\":\"3.13.1\",\"resolution\":\"/home/zeeshan-invozone/Invozone/training/learn-hooks/functions/node_modules/firebase-functions/lib/index.js\"}}"}}
[debug] [2021-02-15T07:35:01.371Z] [runtime-status] [5931] Resolved module firebase-functions {"declared":true,"installed":true,"version":"3.13.1","resolution":"/home/zeeshan-invozone/Invozone/training/learn-hooks/functions/node_modules/firebase-functions/lib/index.js"} {"metadata":{"emulator":{"name":"functions"},"message":"[runtime-status] [5931] Resolved module firebase-functions {\"declared\":true,\"installed\":true,\"version\":\"3.13.1\",\"resolution\":\"/home/zeeshan-invozone/Invozone/training/learn-hooks/functions/node_modules/firebase-functions/lib/index.js\"}"}}
[debug] [2021-02-15T07:35:01.373Z] [runtime-status] [5931] Resolved module firebase-admin {"declared":true,"installed":true,"version":"9.4.2","resolution":"/home/zeeshan-invozone/Invozone/training/learn-hooks/functions/node_modules/firebase-admin/lib/index.js"} {"metadata":{"emulator":{"name":"functions"},"message":"[runtime-status] [5931] Resolved module firebase-admin {\"declared\":true,\"installed\":true,\"version\":\"9.4.2\",\"resolution\":\"/home/zeeshan-invozone/Invozone/training/learn-hooks/functions/node_modules/firebase-admin/lib/index.js\"}"}}
[debug] [2021-02-15T07:35:01.373Z] [runtime-status] [5931] Resolved module firebase-functions {"declared":true,"installed":true,"version":"3.13.1","resolution":"/home/zeeshan-invozone/Invozone/training/learn-hooks/functions/node_modules/firebase-functions/lib/index.js"} {"metadata":{"emulator":{"name":"functions"},"message":"[runtime-status] [5931] Resolved module firebase-functions {\"declared\":true,\"installed\":true,\"version\":\"3.13.1\",\"resolution\":\"/home/zeeshan-invozone/Invozone/training/learn-hooks/functions/node_modules/firebase-functions/lib/index.js\"}"}}
[debug] [2021-02-15T07:35:01.374Z] [runtime-status] [5931] firebase-admin has been stubbed. {"adminResolution":{"declared":true,"installed":true,"version":"9.4.2","resolution":"/home/zeeshan-invozone/Invozone/training/learn-hooks/functions/node_modules/firebase-admin/lib/index.js"}} {"metadata":{"emulator":{"name":"functions"},"message":"[runtime-status] [5931] firebase-admin has been stubbed. {\"adminResolution\":{\"declared\":true,\"installed\":true,\"version\":\"9.4.2\",\"resolution\":\"/home/zeeshan-invozone/Invozone/training/learn-hooks/functions/node_modules/firebase-admin/lib/index.js\"}}"}}
[debug] [2021-02-15T07:35:01.472Z] [runtime-status] [5931] initializeApp(DEFAULT) {"storageBucket":"user-registration-6b9cd.appspot.com","databaseURL":"https://user-registration-6b9cd-default-rtdb.firebaseio.com","projectId":"user-registration-6b9cd"} {"metadata":{"emulator":{"name":"functions"},"message":"[runtime-status] [5931] initializeApp(DEFAULT) {\"storageBucket\":\"user-registration-6b9cd.appspot.com\",\"databaseURL\":\"https://user-registration-6b9cd-default-rtdb.firebaseio.com\",\"projectId\":\"user-registration-6b9cd\"}"}}
[debug] [2021-02-15T07:35:01.753Z] [worker-~diagnostic~-a3c99b91-b4b0-4c48-8046-fcdfe79abff3]: IDLE {"metadata":{"emulator":{"name":"functions"},"message":"[worker-~diagnostic~-a3c99b91-b4b0-4c48-8046-fcdfe79abff3]: IDLE"}}
[debug] [2021-02-15T07:35:15.144Z] Functions emulator received unknown request at path /hello-world
[debug] [2021-02-15T07:35:28.600Z] Functions emulator received unknown request at path /api/hello-world
[debug] [2021-02-15T07:36:27.251Z] [work-queue] {"queueLength":1,"workRunningCount":0}
[debug] [2021-02-15T07:36:27.251Z] [work-queue] {"queueLength":0,"workRunningCount":1}
[debug] [2021-02-15T07:36:27.252Z] Accepted request GET /user-registration-6b9cd/us-central1/api/hello-world --> api
[debug] [2021-02-15T07:36:27.253Z] [worker-pool] Cleaned up workers for ~diagnostic~: 2 --> 1 {"metadata":{"emulator":{"name":"functions"},"message":"[worker-pool] Cleaned up workers for ~diagnostic~: 2 --> 1"}}
[debug] [2021-02-15T07:36:27.261Z] [worker-pool] addWorker(api) {"metadata":{"emulator":{"name":"functions"},"message":"[worker-pool] addWorker(api)"}}
[debug] [2021-02-15T07:36:27.262Z] [worker-pool] Adding worker with key api, total=1 {"metadata":{"emulator":{"name":"functions"},"message":"[worker-pool] Adding worker with key api, total=1"}}
[debug] [2021-02-15T07:36:27.262Z] [worker-pool] submitWork(triggerId=api) {"metadata":{"emulator":{"name":"functions"},"message":"[worker-pool] submitWork(triggerId=api)"}}
[debug] [2021-02-15T07:36:27.262Z] [worker-api-81aef92f-bbc9-4173-895a-ddbf349244f2]: Assigning socketPath: /tmp/fire_emu_6007.sock {"metadata":{"emulator":{"name":"functions"},"message":"[worker-api-81aef92f-bbc9-4173-895a-ddbf349244f2]: Assigning socketPath: /tmp/fire_emu_6007.sock"}}
[debug] [2021-02-15T07:36:27.263Z] [worker-api-81aef92f-bbc9-4173-895a-ddbf349244f2]: BUSY {"metadata":{"emulator":{"name":"functions"},"message":"[worker-api-81aef92f-bbc9-4173-895a-ddbf349244f2]: BUSY"}}
[debug] [2021-02-15T07:36:27.681Z] [runtime-status] [6007] Functions runtime initialized. {"cwd":"/home/zeeshan-invozone/Invozone/training/learn-hooks/functions","node_version":"12.18.1"} {"metadata":{"emulator":{"name":"functions"},"function":{"name":"api"},"message":"[runtime-status] [6007] Functions runtime initialized. {\"cwd\":\"/home/zeeshan-invozone/Invozone/training/learn-hooks/functions\",\"node_version\":\"12.18.1\"}"}}
[debug] [2021-02-15T07:36:27.684Z] [runtime-status] [6007] Disabled runtime features: undefined {"metadata":{"emulator":{"name":"functions"},"function":{"name":"api"},"message":"[runtime-status] [6007] Disabled runtime features: undefined"}}
[debug] [2021-02-15T07:36:27.690Z] [runtime-status] [6007] Resolved module firebase-admin {"declared":true,"installed":true,"version":"9.4.2","resolution":"/home/zeeshan-invozone/Invozone/training/learn-hooks/functions/node_modules/firebase-admin/lib/index.js"} {"metadata":{"emulator":{"name":"functions"},"function":{"name":"api"},"message":"[runtime-status] [6007] Resolved module firebase-admin {\"declared\":true,\"installed\":true,\"version\":\"9.4.2\",\"resolution\":\"/home/zeeshan-invozone/Invozone/training/learn-hooks/functions/node_modules/firebase-admin/lib/index.js\"}"}}
[debug] [2021-02-15T07:36:27.693Z] [runtime-status] [6007] Resolved module firebase-functions {"declared":true,"installed":true,"version":"3.13.1","resolution":"/home/zeeshan-invozone/Invozone/training/learn-hooks/functions/node_modules/firebase-functions/lib/index.js"} {"metadata":{"emulator":{"name":"functions"},"function":{"name":"api"},"message":"[runtime-status] [6007] Resolved module firebase-functions {\"declared\":true,\"installed\":true,\"version\":\"3.13.1\",\"resolution\":\"/home/zeeshan-invozone/Invozone/training/learn-hooks/functions/node_modules/firebase-functions/lib/index.js\"}"}}
[debug] [2021-02-15T07:36:27.694Z] [runtime-status] [6007] Resolved module firebase-functions {"declared":true,"installed":true,"version":"3.13.1","resolution":"/home/zeeshan-invozone/Invozone/training/learn-hooks/functions/node_modules/firebase-functions/lib/index.js"} {"metadata":{"emulator":{"name":"functions"},"function":{"name":"api"},"message":"[runtime-status] [6007] Resolved module firebase-functions {\"declared\":true,\"installed\":true,\"version\":\"3.13.1\",\"resolution\":\"/home/zeeshan-invozone/Invozone/training/learn-hooks/functions/node_modules/firebase-functions/lib/index.js\"}"}}
[debug] [2021-02-15T07:36:27.699Z] [runtime-status] [6007] Outgoing network have been stubbed. [{"name":"http","status":"mocked"},{"name":"http","status":"mocked"},{"name":"https","status":"mocked"},{"name":"https","status":"mocked"},{"name":"net","status":"mocked"}] {"metadata":{"emulator":{"name":"functions"},"function":{"name":"api"},"message":"[runtime-status] [6007] Outgoing network have been stubbed. [{\"name\":\"http\",\"status\":\"mocked\"},{\"name\":\"http\",\"status\":\"mocked\"},{\"name\":\"https\",\"status\":\"mocked\"},{\"name\":\"https\",\"status\":\"mocked\"},{\"name\":\"net\",\"status\":\"mocked\"}]"}}
[debug] [2021-02-15T07:36:27.700Z] [runtime-status] [6007] Resolved module firebase-functions {"declared":true,"installed":true,"version":"3.13.1","resolution":"/home/zeeshan-invozone/Invozone/training/learn-hooks/functions/node_modules/firebase-functions/lib/index.js"} {"metadata":{"emulator":{"name":"functions"},"function":{"name":"api"},"message":"[runtime-status] [6007] Resolved module firebase-functions {\"declared\":true,\"installed\":true,\"version\":\"3.13.1\",\"resolution\":\"/home/zeeshan-invozone/Invozone/training/learn-hooks/functions/node_modules/firebase-functions/lib/index.js\"}"}}
[debug] [2021-02-15T07:36:27.768Z] [runtime-status] [6007] Checked functions.config() {"config":{}} {"metadata":{"emulator":{"name":"functions"},"function":{"name":"api"},"message":"[runtime-status] [6007] Checked functions.config() {\"config\":{}}"}}
[debug] [2021-02-15T07:36:27.768Z] [runtime-status] [6007] firebase-functions has been stubbed. {"functionsResolution":{"declared":true,"installed":true,"version":"3.13.1","resolution":"/home/zeeshan-invozone/Invozone/training/learn-hooks/functions/node_modules/firebase-functions/lib/index.js"}} {"metadata":{"emulator":{"name":"functions"},"function":{"name":"api"},"message":"[runtime-status] [6007] firebase-functions has been stubbed. {\"functionsResolution\":{\"declared\":true,\"installed\":true,\"version\":\"3.13.1\",\"resolution\":\"/home/zeeshan-invozone/Invozone/training/learn-hooks/functions/node_modules/firebase-functions/lib/index.js\"}}"}}
[debug] [2021-02-15T07:36:27.769Z] [runtime-status] [6007] Resolved module firebase-functions {"declared":true,"installed":true,"version":"3.13.1","resolution":"/home/zeeshan-invozone/Invozone/training/learn-hooks/functions/node_modules/firebase-functions/lib/index.js"} {"metadata":{"emulator":{"name":"functions"},"function":{"name":"api"},"message":"[runtime-status] [6007] Resolved module firebase-functions {\"declared\":true,\"installed\":true,\"version\":\"3.13.1\",\"resolution\":\"/home/zeeshan-invozone/Invozone/training/learn-hooks/functions/node_modules/firebase-functions/lib/index.js\"}"}}
[debug] [2021-02-15T07:36:27.771Z] [runtime-status] [6007] Resolved module firebase-admin {"declared":true,"installed":true,"version":"9.4.2","resolution":"/home/zeeshan-invozone/Invozone/training/learn-hooks/functions/node_modules/firebase-admin/lib/index.js"} {"metadata":{"emulator":{"name":"functions"},"function":{"name":"api"},"message":"[runtime-status] [6007] Resolved module firebase-admin {\"declared\":true,\"installed\":true,\"version\":\"9.4.2\",\"resolution\":\"/home/zeeshan-invozone/Invozone/training/learn-hooks/functions/node_modules/firebase-admin/lib/index.js\"}"}}
[debug] [2021-02-15T07:36:27.772Z] [runtime-status] [6007] Resolved module firebase-functions {"declared":true,"installed":true,"version":"3.13.1","resolution":"/home/zeeshan-invozone/Invozone/training/learn-hooks/functions/node_modules/firebase-functions/lib/index.js"} {"metadata":{"emulator":{"name":"functions"},"function":{"name":"api"},"message":"[runtime-status] [6007] Resolved module firebase-functions {\"declared\":true,\"installed\":true,\"version\":\"3.13.1\",\"resolution\":\"/home/zeeshan-invozone/Invozone/training/learn-hooks/functions/node_modules/firebase-functions/lib/index.js\"}"}}
[debug] [2021-02-15T07:36:27.773Z] [runtime-status] [6007] firebase-admin has been stubbed. {"adminResolution":{"declared":true,"installed":true,"version":"9.4.2","resolution":"/home/zeeshan-invozone/Invozone/training/learn-hooks/functions/node_modules/firebase-admin/lib/index.js"}} {"metadata":{"emulator":{"name":"functions"},"function":{"name":"api"},"message":"[runtime-status] [6007] firebase-admin has been stubbed. {\"adminResolution\":{\"declared\":true,\"installed\":true,\"version\":\"9.4.2\",\"resolution\":\"/home/zeeshan-invozone/Invozone/training/learn-hooks/functions/node_modules/firebase-admin/lib/index.js\"}}"}}
[debug] [2021-02-15T07:36:27.873Z] [runtime-status] [6007] initializeApp(DEFAULT) {"storageBucket":"user-registration-6b9cd.appspot.com","databaseURL":"https://user-registration-6b9cd-default-rtdb.firebaseio.com","projectId":"user-registration-6b9cd"} {"metadata":{"emulator":{"name":"functions"},"function":{"name":"api"},"message":"[runtime-status] [6007] initializeApp(DEFAULT) {\"storageBucket\":\"user-registration-6b9cd.appspot.com\",\"databaseURL\":\"https://user-registration-6b9cd-default-rtdb.firebaseio.com\",\"projectId\":\"user-registration-6b9cd\"}"}}
[debug] [2021-02-15T07:36:28.185Z] [runtime-status] [6007] Trigger "api" has been found, beginning invocation! {"metadata":{"emulator":{"name":"functions"},"function":{"name":"api"},"message":"[runtime-status] [6007] Trigger \"api\" has been found, beginning invocation!"}}
[info] i  functions: Beginning execution of "api" {"metadata":{"emulator":{"name":"functions"},"function":{"name":"api"},"message":"Beginning execution of \"api\""}}
[debug] [2021-02-15T07:36:28.187Z] [runtime-status] [6007] triggerDefinition {"httpsTrigger":{},"name":"api","entryPoint":"api"} {"metadata":{"emulator":{"name":"functions"},"function":{"name":"api"},"message":"[runtime-status] [6007] triggerDefinition {\"httpsTrigger\":{},\"name\":\"api\",\"entryPoint\":\"api\"}"}}
[debug] [2021-02-15T07:36:28.187Z] [runtime-status] [6007] Running api in mode HTTPS {"metadata":{"emulator":{"name":"functions"},"function":{"name":"api"},"message":"[runtime-status] [6007] Running api in mode HTTPS"}}
[debug] [2021-02-15T07:36:28.192Z] [runtime-status] [6007] Attempting to listen to socketPath: /tmp/fire_emu_6007.sock {"metadata":{"emulator":{"name":"functions"},"function":{"name":"api"},"message":"[runtime-status] [6007] Attempting to listen to socketPath: /tmp/fire_emu_6007.sock"}}
[debug] [2021-02-15T07:36:28.197Z] [functions] Runtime ready! Sending request! {"metadata":{"emulator":{"name":"functions"},"message":"[functions] Runtime ready! Sending request!"}}
[debug] [2021-02-15T07:36:28.198Z] [functions] Got req.url=/user-registration-6b9cd/us-central1/api/hello-world, mapping to path=/hello-world {"metadata":{"emulator":{"name":"functions"},"message":"[functions] Got req.url=/user-registration-6b9cd/us-central1/api/hello-world, mapping to path=/hello-world"}}
[debug] [2021-02-15T07:36:28.212Z] [runtime-status] [6007] Ephemeral server handling GET request {"metadata":{"emulator":{"name":"functions"},"function":{"name":"api"},"message":"[runtime-status] [6007] Ephemeral server handling GET request"}}
[info] >  Hello world {"user":"Hello world","metadata":{"emulator":{"name":"functions"},"function":{"name":"api"},"message":"\u001b[90m> \u001b[39m Hello world"}}
[debug] [2021-02-15T07:36:28.229Z] [runtime-status] [6007] Ephemeral server survived. {"metadata":{"emulator":{"name":"functions"},"function":{"name":"api"},"message":"[runtime-status] [6007] Ephemeral server survived."}}
[info] i  functions: Finished "api" in ~1s {"metadata":{"emulator":{"name":"functions"},"function":{"name":"api"},"message":"Finished \"api\" in ~1s"}}
[debug] [2021-02-15T07:36:28.233Z] [worker-api-81aef92f-bbc9-4173-895a-ddbf349244f2]: IDLE {"metadata":{"emulator":{"name":"functions"},"message":"[worker-api-81aef92f-bbc9-4173-895a-ddbf349244f2]: IDLE"}}
[debug] [2021-02-15T07:36:28.233Z] [work-queue] {"queueLength":0,"workRunningCount":0}
